<?xml version="1.0" encoding="UTF-8"?>
<!-- Generated by org.testng.reporters.JUnitReportReporter -->
<testsuite hostname="Annuwka" name="com.example.tests.SignupTests" tests="1" failures="0" timestamp="1 Jun 2014 13:29:55 GMT" time="49.448" errors="0">
  <testcase name="newUserShouldSignUp" time="49.448" classname="com.example.tests.SignupTests"/>
</testsuite> <!-- com.example.tests.SignupTests -->
